Der Buildvorgang wurde am 11.01.2011 16:17:04 gestartet.
     1>Projekt "C:\Users\Pepe Le Pew\Desktop\C_Programmierung_1_Semester\n_damen\n_Dame Mappe\save_DLL\save_DLL.vcxproj" auf Knoten "2", build Ziel(e).
     1>InitializeBuildStatus:
         "Release\save_DLL.unsuccessfulbuild" wird erstellt, da "AlwaysCreate" angegeben wurde.
       ClCompile:
         C:\Program Files (x86)\Microsoft Visual Studio 10.0\VC\bin\CL.exe /c /Zi /nologo /W3 /WX- /O2 /Oi /Oy- /GL /D WIN32 /D NDEBUG /D _WINDOWS /D _USRDLL /D SAVE_DLL_EXPORTS /D _WINDLL /D _UNICODE /D UNICODE /Gm- /EHsc /MD /GS /Gy /fp:precise /Zc:wchar_t /Zc:forScope /Fo"Release\\" /Fd"Release\vc100.pdb" /Gd /TC /analyze- /errorReport:prompt save_DLL.c
         save_DLL.c
     1>save_DLL.c(33): warning C4996: 'fopen': This function or variable may be unsafe. Consider using fopen_s instead. To disable deprecation, use _CRT_SECURE_NO_WARNINGS. See online help for details.
                 C:\Program Files (x86)\Microsoft Visual Studio 10.0\VC\include\stdio.h(234): Siehe Deklaration von 'fopen'
     1>save_DLL.c(61): warning C4996: 'fopen': This function or variable may be unsafe. Consider using fopen_s instead. To disable deprecation, use _CRT_SECURE_NO_WARNINGS. See online help for details.
                 C:\Program Files (x86)\Microsoft Visual Studio 10.0\VC\include\stdio.h(234): Siehe Deklaration von 'fopen'
     1>save_DLL.c(73): warning C4996: 'fopen': This function or variable may be unsafe. Consider using fopen_s instead. To disable deprecation, use _CRT_SECURE_NO_WARNINGS. See online help for details.
                 C:\Program Files (x86)\Microsoft Visual Studio 10.0\VC\include\stdio.h(234): Siehe Deklaration von 'fopen'
       Link:
         C:\Program Files (x86)\Microsoft Visual Studio 10.0\VC\bin\link.exe /ERRORREPORT:PROMPT /OUT:"C:\Users\Pepe Le Pew\Desktop\C_Programmierung_1_Semester\n_damen\n_Dame Mappe\Release\save_DLL.dll" /INCREMENTAL:NO /NOLOGO kernel32.lib user32.lib gdi32.lib winspool.lib comdlg32.lib advapi32.lib shell32.lib ole32.lib oleaut32.lib uuid.lib odbc32.lib odbccp32.lib /MANIFEST /ManifestFile:"Release\save_DLL.dll.intermediate.manifest" /MANIFESTUAC:"level='asInvoker' uiAccess='false'" /DEBUG /PDB:"C:\Users\Pepe Le Pew\Desktop\C_Programmierung_1_Semester\n_damen\n_Dame Mappe\Release\save_DLL.pdb" /SUBSYSTEM:WINDOWS /OPT:REF /OPT:ICF /LTCG /TLBID:1 /DYNAMICBASE /NXCOMPAT /IMPLIB:"C:\Users\Pepe Le Pew\Desktop\C_Programmierung_1_Semester\n_damen\n_Dame Mappe\Release\save_DLL.lib" /MACHINE:X86 /DLL Release\save_DLL.obj
            Bibliothek "C:\Users\Pepe Le Pew\Desktop\C_Programmierung_1_Semester\n_damen\n_Dame Mappe\Release\save_DLL.lib" und Objekt "C:\Users\Pepe Le Pew\Desktop\C_Programmierung_1_Semester\n_damen\n_Dame Mappe\Release\save_DLL.exp" werden erstellt.
         Code wird generiert.
     1>c:\users\pepe le pew\desktop\c_programmierung_1_semester\n_damen\n_dame mappe\save_dll\save_dll.c(56): warning C4716: 'save_DLL_funktion': Muss einen Wert zurückgeben
         Codegenerierung ist abgeschlossen.
         save_DLL.vcxproj -> C:\Users\Pepe Le Pew\Desktop\C_Programmierung_1_Semester\n_damen\n_Dame Mappe\Release\save_DLL.dll
       Manifest:
         C:\Program Files (x86)\Microsoft SDKs\Windows\v7.0A\bin\mt.exe /nologo /verbose /outputresource:"C:\Users\Pepe Le Pew\Desktop\C_Programmierung_1_Semester\n_damen\n_Dame Mappe\Release\save_DLL.dll;#2" /manifest Release\save_DLL.dll.intermediate.manifest
       FinalizeBuildStatus:
         Die Datei "Release\save_DLL.unsuccessfulbuild" wird gelöscht.
         Aktualisieren des Timestamps von "Release\save_DLL.lastbuildstate".
     1>Die Erstellung des Projekts "C:\Users\Pepe Le Pew\Desktop\C_Programmierung_1_Semester\n_damen\n_Dame Mappe\save_DLL\save_DLL.vcxproj" ist abgeschlossen, build Ziel(e).

Das Erstellen war erfolgreich.

Verstrichene Zeit 00:00:01.30
