C:\USERS\PEPE LE PEW\DESKTOP\C_PROGRAMMIERUNG_1_SEMESTER\N_DAMEN\N_DAME MAPPE\DEBUG\N_DAME.EXE
C:\USERS\PEPE LE PEW\DESKTOP\C_PROGRAMMIERUNG_1_SEMESTER\N_DAMEN\N_DAME MAPPE\DEBUG\N_DAME.ILK
C:\USERS\PEPE LE PEW\DESKTOP\C_PROGRAMMIERUNG_1_SEMESTER\N_DAMEN\N_DAME MAPPE\DEBUG\N_DAME.PDB
C:\USERS\PEPE LE PEW\DESKTOP\C_PROGRAMMIERUNG_1_SEMESTER\N_DAMEN\N_DAME MAPPE\N_DAME\DEBUG\CALC_NQUEENS.OBJ
C:\USERS\PEPE LE PEW\DESKTOP\C_PROGRAMMIERUNG_1_SEMESTER\N_DAMEN\N_DAME MAPPE\N_DAME\DEBUG\CALC_NQUENNS.OBJ
C:\Users\Pepe Le Pew\Desktop\C_Programmierung_1_Semester\n_damen\n_Dame Mappe\n_Dame\Debug\cl.command.1.tlog
C:\Users\Pepe Le Pew\Desktop\C_Programmierung_1_Semester\n_damen\n_Dame Mappe\n_Dame\Debug\CL.read.1.tlog
C:\Users\Pepe Le Pew\Desktop\C_Programmierung_1_Semester\n_damen\n_Dame Mappe\n_Dame\Debug\CL.write.1.tlog
C:\USERS\PEPE LE PEW\DESKTOP\C_PROGRAMMIERUNG_1_SEMESTER\N_DAMEN\N_DAME MAPPE\N_DAME\DEBUG\ISATTACING.OBJ
C:\Users\Pepe Le Pew\Desktop\C_Programmierung_1_Semester\n_damen\n_Dame Mappe\n_Dame\Debug\link.1164.read.1.tlog
C:\Users\Pepe Le Pew\Desktop\C_Programmierung_1_Semester\n_damen\n_Dame Mappe\n_Dame\Debug\link.1164.write.1.tlog
C:\Users\Pepe Le Pew\Desktop\C_Programmierung_1_Semester\n_damen\n_Dame Mappe\n_Dame\Debug\link.1164-cvtres.read.1.tlog
C:\Users\Pepe Le Pew\Desktop\C_Programmierung_1_Semester\n_damen\n_Dame Mappe\n_Dame\Debug\link.1164-cvtres.write.1.tlog
C:\Users\Pepe Le Pew\Desktop\C_Programmierung_1_Semester\n_damen\n_Dame Mappe\n_Dame\Debug\link.1276.read.1.tlog
C:\Users\Pepe Le Pew\Desktop\C_Programmierung_1_Semester\n_damen\n_Dame Mappe\n_Dame\Debug\link.1276.write.1.tlog
C:\Users\Pepe Le Pew\Desktop\C_Programmierung_1_Semester\n_damen\n_Dame Mappe\n_Dame\Debug\link.1276-cvtres.read.1.tlog
C:\Users\Pepe Le Pew\Desktop\C_Programmierung_1_Semester\n_damen\n_Dame Mappe\n_Dame\Debug\link.1276-cvtres.write.1.tlog
C:\Users\Pepe Le Pew\Desktop\C_Programmierung_1_Semester\n_damen\n_Dame Mappe\n_Dame\Debug\link.1824.read.1.tlog
C:\Users\Pepe Le Pew\Desktop\C_Programmierung_1_Semester\n_damen\n_Dame Mappe\n_Dame\Debug\link.1824.write.1.tlog
C:\Users\Pepe Le Pew\Desktop\C_Programmierung_1_Semester\n_damen\n_Dame Mappe\n_Dame\Debug\link.1824-cvtres.read.1.tlog
C:\Users\Pepe Le Pew\Desktop\C_Programmierung_1_Semester\n_damen\n_Dame Mappe\n_Dame\Debug\link.1824-cvtres.write.1.tlog
C:\Users\Pepe Le Pew\Desktop\C_Programmierung_1_Semester\n_damen\n_Dame Mappe\n_Dame\Debug\link.184.read.1.tlog
C:\Users\Pepe Le Pew\Desktop\C_Programmierung_1_Semester\n_damen\n_Dame Mappe\n_Dame\Debug\link.184.write.1.tlog
C:\Users\Pepe Le Pew\Desktop\C_Programmierung_1_Semester\n_damen\n_Dame Mappe\n_Dame\Debug\link.184-cvtres.read.1.tlog
C:\Users\Pepe Le Pew\Desktop\C_Programmierung_1_Semester\n_damen\n_Dame Mappe\n_Dame\Debug\link.184-cvtres.write.1.tlog
C:\Users\Pepe Le Pew\Desktop\C_Programmierung_1_Semester\n_damen\n_Dame Mappe\n_Dame\Debug\link.2036.read.1.tlog
C:\Users\Pepe Le Pew\Desktop\C_Programmierung_1_Semester\n_damen\n_Dame Mappe\n_Dame\Debug\link.2036.write.1.tlog
C:\Users\Pepe Le Pew\Desktop\C_Programmierung_1_Semester\n_damen\n_Dame Mappe\n_Dame\Debug\link.2036-cvtres.read.1.tlog
C:\Users\Pepe Le Pew\Desktop\C_Programmierung_1_Semester\n_damen\n_Dame Mappe\n_Dame\Debug\link.2036-cvtres.write.1.tlog
C:\Users\Pepe Le Pew\Desktop\C_Programmierung_1_Semester\n_damen\n_Dame Mappe\n_Dame\Debug\link.2292.read.1.tlog
C:\Users\Pepe Le Pew\Desktop\C_Programmierung_1_Semester\n_damen\n_Dame Mappe\n_Dame\Debug\link.2292.write.1.tlog
C:\Users\Pepe Le Pew\Desktop\C_Programmierung_1_Semester\n_damen\n_Dame Mappe\n_Dame\Debug\link.2292-cvtres.read.1.tlog
C:\Users\Pepe Le Pew\Desktop\C_Programmierung_1_Semester\n_damen\n_Dame Mappe\n_Dame\Debug\link.2292-cvtres.write.1.tlog
C:\Users\Pepe Le Pew\Desktop\C_Programmierung_1_Semester\n_damen\n_Dame Mappe\n_Dame\Debug\link.3364.read.1.tlog
C:\Users\Pepe Le Pew\Desktop\C_Programmierung_1_Semester\n_damen\n_Dame Mappe\n_Dame\Debug\link.3364.write.1.tlog
C:\Users\Pepe Le Pew\Desktop\C_Programmierung_1_Semester\n_damen\n_Dame Mappe\n_Dame\Debug\link.3364-cvtres.read.1.tlog
C:\Users\Pepe Le Pew\Desktop\C_Programmierung_1_Semester\n_damen\n_Dame Mappe\n_Dame\Debug\link.3364-cvtres.write.1.tlog
C:\Users\Pepe Le Pew\Desktop\C_Programmierung_1_Semester\n_damen\n_Dame Mappe\n_Dame\Debug\link.3804.read.1.tlog
C:\Users\Pepe Le Pew\Desktop\C_Programmierung_1_Semester\n_damen\n_Dame Mappe\n_Dame\Debug\link.3804.write.1.tlog
C:\Users\Pepe Le Pew\Desktop\C_Programmierung_1_Semester\n_damen\n_Dame Mappe\n_Dame\Debug\link.3804-cvtres.read.1.tlog
C:\Users\Pepe Le Pew\Desktop\C_Programmierung_1_Semester\n_damen\n_Dame Mappe\n_Dame\Debug\link.3804-cvtres.write.1.tlog
C:\Users\Pepe Le Pew\Desktop\C_Programmierung_1_Semester\n_damen\n_Dame Mappe\n_Dame\Debug\link.3904.read.1.tlog
C:\Users\Pepe Le Pew\Desktop\C_Programmierung_1_Semester\n_damen\n_Dame Mappe\n_Dame\Debug\link.3904.write.1.tlog
C:\Users\Pepe Le Pew\Desktop\C_Programmierung_1_Semester\n_damen\n_Dame Mappe\n_Dame\Debug\link.3904-cvtres.read.1.tlog
C:\Users\Pepe Le Pew\Desktop\C_Programmierung_1_Semester\n_damen\n_Dame Mappe\n_Dame\Debug\link.3904-cvtres.write.1.tlog
C:\Users\Pepe Le Pew\Desktop\C_Programmierung_1_Semester\n_damen\n_Dame Mappe\n_Dame\Debug\link.3908.read.1.tlog
C:\Users\Pepe Le Pew\Desktop\C_Programmierung_1_Semester\n_damen\n_Dame Mappe\n_Dame\Debug\link.3908.write.1.tlog
C:\Users\Pepe Le Pew\Desktop\C_Programmierung_1_Semester\n_damen\n_Dame Mappe\n_Dame\Debug\link.3908-cvtres.read.1.tlog
C:\Users\Pepe Le Pew\Desktop\C_Programmierung_1_Semester\n_damen\n_Dame Mappe\n_Dame\Debug\link.3908-cvtres.write.1.tlog
C:\Users\Pepe Le Pew\Desktop\C_Programmierung_1_Semester\n_damen\n_Dame Mappe\n_Dame\Debug\link.4584.read.1.tlog
C:\Users\Pepe Le Pew\Desktop\C_Programmierung_1_Semester\n_damen\n_Dame Mappe\n_Dame\Debug\link.4584.write.1.tlog
C:\Users\Pepe Le Pew\Desktop\C_Programmierung_1_Semester\n_damen\n_Dame Mappe\n_Dame\Debug\link.4584-cvtres.read.1.tlog
C:\Users\Pepe Le Pew\Desktop\C_Programmierung_1_Semester\n_damen\n_Dame Mappe\n_Dame\Debug\link.4584-cvtres.write.1.tlog
C:\Users\Pepe Le Pew\Desktop\C_Programmierung_1_Semester\n_damen\n_Dame Mappe\n_Dame\Debug\link.4680.read.1.tlog
C:\Users\Pepe Le Pew\Desktop\C_Programmierung_1_Semester\n_damen\n_Dame Mappe\n_Dame\Debug\link.4680.write.1.tlog
C:\Users\Pepe Le Pew\Desktop\C_Programmierung_1_Semester\n_damen\n_Dame Mappe\n_Dame\Debug\link.4680-cvtres.read.1.tlog
C:\Users\Pepe Le Pew\Desktop\C_Programmierung_1_Semester\n_damen\n_Dame Mappe\n_Dame\Debug\link.4680-cvtres.write.1.tlog
C:\Users\Pepe Le Pew\Desktop\C_Programmierung_1_Semester\n_damen\n_Dame Mappe\n_Dame\Debug\link.5012.read.1.tlog
C:\Users\Pepe Le Pew\Desktop\C_Programmierung_1_Semester\n_damen\n_Dame Mappe\n_Dame\Debug\link.5012.write.1.tlog
C:\Users\Pepe Le Pew\Desktop\C_Programmierung_1_Semester\n_damen\n_Dame Mappe\n_Dame\Debug\link.5012-cvtres.read.1.tlog
C:\Users\Pepe Le Pew\Desktop\C_Programmierung_1_Semester\n_damen\n_Dame Mappe\n_Dame\Debug\link.5012-cvtres.write.1.tlog
C:\Users\Pepe Le Pew\Desktop\C_Programmierung_1_Semester\n_damen\n_Dame Mappe\n_Dame\Debug\link.512.read.1.tlog
C:\Users\Pepe Le Pew\Desktop\C_Programmierung_1_Semester\n_damen\n_Dame Mappe\n_Dame\Debug\link.512.write.1.tlog
C:\Users\Pepe Le Pew\Desktop\C_Programmierung_1_Semester\n_damen\n_Dame Mappe\n_Dame\Debug\link.512-cvtres.read.1.tlog
C:\Users\Pepe Le Pew\Desktop\C_Programmierung_1_Semester\n_damen\n_Dame Mappe\n_Dame\Debug\link.512-cvtres.write.1.tlog
C:\Users\Pepe Le Pew\Desktop\C_Programmierung_1_Semester\n_damen\n_Dame Mappe\n_Dame\Debug\link.5276.read.1.tlog
C:\Users\Pepe Le Pew\Desktop\C_Programmierung_1_Semester\n_damen\n_Dame Mappe\n_Dame\Debug\link.5276.write.1.tlog
C:\Users\Pepe Le Pew\Desktop\C_Programmierung_1_Semester\n_damen\n_Dame Mappe\n_Dame\Debug\link.5276-cvtres.read.1.tlog
C:\Users\Pepe Le Pew\Desktop\C_Programmierung_1_Semester\n_damen\n_Dame Mappe\n_Dame\Debug\link.5276-cvtres.write.1.tlog
C:\Users\Pepe Le Pew\Desktop\C_Programmierung_1_Semester\n_damen\n_Dame Mappe\n_Dame\Debug\link.5464.read.1.tlog
C:\Users\Pepe Le Pew\Desktop\C_Programmierung_1_Semester\n_damen\n_Dame Mappe\n_Dame\Debug\link.5464.write.1.tlog
C:\Users\Pepe Le Pew\Desktop\C_Programmierung_1_Semester\n_damen\n_Dame Mappe\n_Dame\Debug\link.5464-cvtres.read.1.tlog
C:\Users\Pepe Le Pew\Desktop\C_Programmierung_1_Semester\n_damen\n_Dame Mappe\n_Dame\Debug\link.5464-cvtres.write.1.tlog
C:\Users\Pepe Le Pew\Desktop\C_Programmierung_1_Semester\n_damen\n_Dame Mappe\n_Dame\Debug\link.5556.read.1.tlog
C:\Users\Pepe Le Pew\Desktop\C_Programmierung_1_Semester\n_damen\n_Dame Mappe\n_Dame\Debug\link.5556.write.1.tlog
C:\Users\Pepe Le Pew\Desktop\C_Programmierung_1_Semester\n_damen\n_Dame Mappe\n_Dame\Debug\link.5556-cvtres.read.1.tlog
C:\Users\Pepe Le Pew\Desktop\C_Programmierung_1_Semester\n_damen\n_Dame Mappe\n_Dame\Debug\link.5556-cvtres.write.1.tlog
C:\Users\Pepe Le Pew\Desktop\C_Programmierung_1_Semester\n_damen\n_Dame Mappe\n_Dame\Debug\link.5620.read.1.tlog
C:\Users\Pepe Le Pew\Desktop\C_Programmierung_1_Semester\n_damen\n_Dame Mappe\n_Dame\Debug\link.5620.write.1.tlog
C:\Users\Pepe Le Pew\Desktop\C_Programmierung_1_Semester\n_damen\n_Dame Mappe\n_Dame\Debug\link.5620-cvtres.read.1.tlog
C:\Users\Pepe Le Pew\Desktop\C_Programmierung_1_Semester\n_damen\n_Dame Mappe\n_Dame\Debug\link.5620-cvtres.write.1.tlog
C:\Users\Pepe Le Pew\Desktop\C_Programmierung_1_Semester\n_damen\n_Dame Mappe\n_Dame\Debug\link.5772.read.1.tlog
C:\Users\Pepe Le Pew\Desktop\C_Programmierung_1_Semester\n_damen\n_Dame Mappe\n_Dame\Debug\link.5772.write.1.tlog
C:\Users\Pepe Le Pew\Desktop\C_Programmierung_1_Semester\n_damen\n_Dame Mappe\n_Dame\Debug\link.5772-cvtres.read.1.tlog
C:\Users\Pepe Le Pew\Desktop\C_Programmierung_1_Semester\n_damen\n_Dame Mappe\n_Dame\Debug\link.5772-cvtres.write.1.tlog
C:\Users\Pepe Le Pew\Desktop\C_Programmierung_1_Semester\n_damen\n_Dame Mappe\n_Dame\Debug\link.6016.read.1.tlog
C:\Users\Pepe Le Pew\Desktop\C_Programmierung_1_Semester\n_damen\n_Dame Mappe\n_Dame\Debug\link.6016.write.1.tlog
C:\Users\Pepe Le Pew\Desktop\C_Programmierung_1_Semester\n_damen\n_Dame Mappe\n_Dame\Debug\link.6016-cvtres.read.1.tlog
C:\Users\Pepe Le Pew\Desktop\C_Programmierung_1_Semester\n_damen\n_Dame Mappe\n_Dame\Debug\link.6016-cvtres.write.1.tlog
C:\Users\Pepe Le Pew\Desktop\C_Programmierung_1_Semester\n_damen\n_Dame Mappe\n_Dame\Debug\link.6080.read.1.tlog
C:\Users\Pepe Le Pew\Desktop\C_Programmierung_1_Semester\n_damen\n_Dame Mappe\n_Dame\Debug\link.6080.write.1.tlog
C:\Users\Pepe Le Pew\Desktop\C_Programmierung_1_Semester\n_damen\n_Dame Mappe\n_Dame\Debug\link.6080-cvtres.read.1.tlog
C:\Users\Pepe Le Pew\Desktop\C_Programmierung_1_Semester\n_damen\n_Dame Mappe\n_Dame\Debug\link.6080-cvtres.write.1.tlog
C:\Users\Pepe Le Pew\Desktop\C_Programmierung_1_Semester\n_damen\n_Dame Mappe\n_Dame\Debug\link.6164.read.1.tlog
C:\Users\Pepe Le Pew\Desktop\C_Programmierung_1_Semester\n_damen\n_Dame Mappe\n_Dame\Debug\link.6164.write.1.tlog
C:\Users\Pepe Le Pew\Desktop\C_Programmierung_1_Semester\n_damen\n_Dame Mappe\n_Dame\Debug\link.6164-cvtres.read.1.tlog
C:\Users\Pepe Le Pew\Desktop\C_Programmierung_1_Semester\n_damen\n_Dame Mappe\n_Dame\Debug\link.6164-cvtres.write.1.tlog
C:\Users\Pepe Le Pew\Desktop\C_Programmierung_1_Semester\n_damen\n_Dame Mappe\n_Dame\Debug\link.6764.read.1.tlog
C:\Users\Pepe Le Pew\Desktop\C_Programmierung_1_Semester\n_damen\n_Dame Mappe\n_Dame\Debug\link.6764.write.1.tlog
C:\Users\Pepe Le Pew\Desktop\C_Programmierung_1_Semester\n_damen\n_Dame Mappe\n_Dame\Debug\link.6764-cvtres.read.1.tlog
C:\Users\Pepe Le Pew\Desktop\C_Programmierung_1_Semester\n_damen\n_Dame Mappe\n_Dame\Debug\link.6764-cvtres.write.1.tlog
C:\Users\Pepe Le Pew\Desktop\C_Programmierung_1_Semester\n_damen\n_Dame Mappe\n_Dame\Debug\link.6904.read.1.tlog
C:\Users\Pepe Le Pew\Desktop\C_Programmierung_1_Semester\n_damen\n_Dame Mappe\n_Dame\Debug\link.6904.write.1.tlog
C:\Users\Pepe Le Pew\Desktop\C_Programmierung_1_Semester\n_damen\n_Dame Mappe\n_Dame\Debug\link.6904-cvtres.read.1.tlog
C:\Users\Pepe Le Pew\Desktop\C_Programmierung_1_Semester\n_damen\n_Dame Mappe\n_Dame\Debug\link.6904-cvtres.write.1.tlog
C:\Users\Pepe Le Pew\Desktop\C_Programmierung_1_Semester\n_damen\n_Dame Mappe\n_Dame\Debug\link.6908.read.1.tlog
C:\Users\Pepe Le Pew\Desktop\C_Programmierung_1_Semester\n_damen\n_Dame Mappe\n_Dame\Debug\link.6908.write.1.tlog
C:\Users\Pepe Le Pew\Desktop\C_Programmierung_1_Semester\n_damen\n_Dame Mappe\n_Dame\Debug\link.6908-cvtres.read.1.tlog
C:\Users\Pepe Le Pew\Desktop\C_Programmierung_1_Semester\n_damen\n_Dame Mappe\n_Dame\Debug\link.6908-cvtres.write.1.tlog
C:\Users\Pepe Le Pew\Desktop\C_Programmierung_1_Semester\n_damen\n_Dame Mappe\n_Dame\Debug\link.6936.read.1.tlog
C:\Users\Pepe Le Pew\Desktop\C_Programmierung_1_Semester\n_damen\n_Dame Mappe\n_Dame\Debug\link.6936.write.1.tlog
C:\Users\Pepe Le Pew\Desktop\C_Programmierung_1_Semester\n_damen\n_Dame Mappe\n_Dame\Debug\link.6936-cvtres.read.1.tlog
C:\Users\Pepe Le Pew\Desktop\C_Programmierung_1_Semester\n_damen\n_Dame Mappe\n_Dame\Debug\link.6936-cvtres.write.1.tlog
C:\Users\Pepe Le Pew\Desktop\C_Programmierung_1_Semester\n_damen\n_Dame Mappe\n_Dame\Debug\link.7028.read.1.tlog
C:\Users\Pepe Le Pew\Desktop\C_Programmierung_1_Semester\n_damen\n_Dame Mappe\n_Dame\Debug\link.7028.write.1.tlog
C:\Users\Pepe Le Pew\Desktop\C_Programmierung_1_Semester\n_damen\n_Dame Mappe\n_Dame\Debug\link.7028-cvtres.read.1.tlog
C:\Users\Pepe Le Pew\Desktop\C_Programmierung_1_Semester\n_damen\n_Dame Mappe\n_Dame\Debug\link.7028-cvtres.write.1.tlog
C:\Users\Pepe Le Pew\Desktop\C_Programmierung_1_Semester\n_damen\n_Dame Mappe\n_Dame\Debug\link.7348.read.1.tlog
C:\Users\Pepe Le Pew\Desktop\C_Programmierung_1_Semester\n_damen\n_Dame Mappe\n_Dame\Debug\link.7348.write.1.tlog
C:\Users\Pepe Le Pew\Desktop\C_Programmierung_1_Semester\n_damen\n_Dame Mappe\n_Dame\Debug\link.7348-cvtres.read.1.tlog
C:\Users\Pepe Le Pew\Desktop\C_Programmierung_1_Semester\n_damen\n_Dame Mappe\n_Dame\Debug\link.7348-cvtres.write.1.tlog
C:\Users\Pepe Le Pew\Desktop\C_Programmierung_1_Semester\n_damen\n_Dame Mappe\n_Dame\Debug\link.7624.read.1.tlog
C:\Users\Pepe Le Pew\Desktop\C_Programmierung_1_Semester\n_damen\n_Dame Mappe\n_Dame\Debug\link.7624.write.1.tlog
C:\Users\Pepe Le Pew\Desktop\C_Programmierung_1_Semester\n_damen\n_Dame Mappe\n_Dame\Debug\link.7624-cvtres.read.1.tlog
C:\Users\Pepe Le Pew\Desktop\C_Programmierung_1_Semester\n_damen\n_Dame Mappe\n_Dame\Debug\link.7624-cvtres.write.1.tlog
C:\Users\Pepe Le Pew\Desktop\C_Programmierung_1_Semester\n_damen\n_Dame Mappe\n_Dame\Debug\link.7728.read.1.tlog
C:\Users\Pepe Le Pew\Desktop\C_Programmierung_1_Semester\n_damen\n_Dame Mappe\n_Dame\Debug\link.7728.write.1.tlog
C:\Users\Pepe Le Pew\Desktop\C_Programmierung_1_Semester\n_damen\n_Dame Mappe\n_Dame\Debug\link.7728-cvtres.read.1.tlog
C:\Users\Pepe Le Pew\Desktop\C_Programmierung_1_Semester\n_damen\n_Dame Mappe\n_Dame\Debug\link.7728-cvtres.write.1.tlog
C:\Users\Pepe Le Pew\Desktop\C_Programmierung_1_Semester\n_damen\n_Dame Mappe\n_Dame\Debug\link.7836.read.1.tlog
C:\Users\Pepe Le Pew\Desktop\C_Programmierung_1_Semester\n_damen\n_Dame Mappe\n_Dame\Debug\link.7836.write.1.tlog
C:\Users\Pepe Le Pew\Desktop\C_Programmierung_1_Semester\n_damen\n_Dame Mappe\n_Dame\Debug\link.7836-cvtres.read.1.tlog
C:\Users\Pepe Le Pew\Desktop\C_Programmierung_1_Semester\n_damen\n_Dame Mappe\n_Dame\Debug\link.7836-cvtres.write.1.tlog
C:\Users\Pepe Le Pew\Desktop\C_Programmierung_1_Semester\n_damen\n_Dame Mappe\n_Dame\Debug\link.8412.read.1.tlog
C:\Users\Pepe Le Pew\Desktop\C_Programmierung_1_Semester\n_damen\n_Dame Mappe\n_Dame\Debug\link.8412.write.1.tlog
C:\Users\Pepe Le Pew\Desktop\C_Programmierung_1_Semester\n_damen\n_Dame Mappe\n_Dame\Debug\link.8412-cvtres.read.1.tlog
C:\Users\Pepe Le Pew\Desktop\C_Programmierung_1_Semester\n_damen\n_Dame Mappe\n_Dame\Debug\link.8412-cvtres.write.1.tlog
C:\Users\Pepe Le Pew\Desktop\C_Programmierung_1_Semester\n_damen\n_Dame Mappe\n_Dame\Debug\link.952.read.1.tlog
C:\Users\Pepe Le Pew\Desktop\C_Programmierung_1_Semester\n_damen\n_Dame Mappe\n_Dame\Debug\link.952.write.1.tlog
C:\Users\Pepe Le Pew\Desktop\C_Programmierung_1_Semester\n_damen\n_Dame Mappe\n_Dame\Debug\link.952-cvtres.read.1.tlog
C:\Users\Pepe Le Pew\Desktop\C_Programmierung_1_Semester\n_damen\n_Dame Mappe\n_Dame\Debug\link.952-cvtres.write.1.tlog
C:\Users\Pepe Le Pew\Desktop\C_Programmierung_1_Semester\n_damen\n_Dame Mappe\n_Dame\Debug\link.command.1.tlog
C:\Users\Pepe Le Pew\Desktop\C_Programmierung_1_Semester\n_damen\n_Dame Mappe\n_Dame\Debug\link.read.1.tlog
C:\Users\Pepe Le Pew\Desktop\C_Programmierung_1_Semester\n_damen\n_Dame Mappe\n_Dame\Debug\link.write.1.tlog
C:\Users\Pepe Le Pew\Desktop\C_Programmierung_1_Semester\n_damen\n_Dame Mappe\n_Dame\Debug\link-cvtres.read.1.tlog
C:\Users\Pepe Le Pew\Desktop\C_Programmierung_1_Semester\n_damen\n_Dame Mappe\n_Dame\Debug\link-cvtres.write.1.tlog
C:\USERS\PEPE LE PEW\DESKTOP\C_PROGRAMMIERUNG_1_SEMESTER\N_DAMEN\N_DAME MAPPE\N_DAME\DEBUG\MAIN.OBJ
C:\Users\Pepe Le Pew\Desktop\C_Programmierung_1_Semester\n_damen\n_Dame Mappe\n_Dame\Debug\menu.obj
C:\Users\Pepe Le Pew\Desktop\C_Programmierung_1_Semester\n_damen\n_Dame Mappe\n_Dame\Debug\mt.command.1.tlog
C:\Users\Pepe Le Pew\Desktop\C_Programmierung_1_Semester\n_damen\n_Dame Mappe\n_Dame\Debug\mt.read.1.tlog
C:\Users\Pepe Le Pew\Desktop\C_Programmierung_1_Semester\n_damen\n_Dame Mappe\n_Dame\Debug\mt.write.1.tlog
C:\Users\Pepe Le Pew\Desktop\C_Programmierung_1_Semester\n_damen\n_Dame Mappe\n_Dame\Debug\n_Dame.exe.embed.manifest
C:\USERS\PEPE LE PEW\DESKTOP\C_PROGRAMMIERUNG_1_SEMESTER\N_DAMEN\N_DAME MAPPE\N_DAME\DEBUG\N_DAME.EXE.EMBED.MANIFEST.RES
C:\USERS\PEPE LE PEW\DESKTOP\C_PROGRAMMIERUNG_1_SEMESTER\N_DAMEN\N_DAME MAPPE\N_DAME\DEBUG\N_DAME.EXE.INTERMEDIATE.MANIFEST
C:\Users\Pepe Le Pew\Desktop\C_Programmierung_1_Semester\n_damen\n_Dame Mappe\n_Dame\Debug\n_Dame_manifest.rc
C:\USERS\PEPE LE PEW\DESKTOP\C_PROGRAMMIERUNG_1_SEMESTER\N_DAMEN\N_DAME MAPPE\N_DAME\DEBUG\PRINT_BOARD.OBJ
C:\USERS\PEPE LE PEW\DESKTOP\C_PROGRAMMIERUNG_1_SEMESTER\N_DAMEN\N_DAME MAPPE\N_DAME\DEBUG\PRINT_MENU.OBJ
C:\USERS\PEPE LE PEW\DESKTOP\C_PROGRAMMIERUNG_1_SEMESTER\N_DAMEN\N_DAME MAPPE\N_DAME\DEBUG\PRINT_STATUS.OBJ
C:\Users\Pepe Le Pew\Desktop\C_Programmierung_1_Semester\n_damen\n_Dame Mappe\n_Dame\Debug\rc.command.1.tlog
C:\Users\Pepe Le Pew\Desktop\C_Programmierung_1_Semester\n_damen\n_Dame Mappe\n_Dame\Debug\rc.read.1.tlog
C:\Users\Pepe Le Pew\Desktop\C_Programmierung_1_Semester\n_damen\n_Dame Mappe\n_Dame\Debug\rc.write.1.tlog
C:\USERS\PEPE LE PEW\DESKTOP\C_PROGRAMMIERUNG_1_SEMESTER\N_DAMEN\N_DAME MAPPE\N_DAME\DEBUG\SAVE_SOLL.OBJ
C:\USERS\PEPE LE PEW\DESKTOP\C_PROGRAMMIERUNG_1_SEMESTER\N_DAMEN\N_DAME MAPPE\N_DAME\DEBUG\SIZEOFBOARD.OBJ
C:\USERS\PEPE LE PEW\DESKTOP\C_PROGRAMMIERUNG_1_SEMESTER\N_DAMEN\N_DAME MAPPE\N_DAME\DEBUG\STRUCT_NDAME.OBJ
C:\USERS\PEPE LE PEW\DESKTOP\C_PROGRAMMIERUNG_1_SEMESTER\N_DAMEN\N_DAME MAPPE\N_DAME\DEBUG\UTILITIES.OBJ
C:\Users\Pepe Le Pew\Desktop\C_Programmierung_1_Semester\n_damen\n_Dame Mappe\n_Dame\Debug\vc100.idb
C:\USERS\PEPE LE PEW\DESKTOP\C_PROGRAMMIERUNG_1_SEMESTER\N_DAMEN\N_DAME MAPPE\N_DAME\DEBUG\VC100.PDB
C:\USERS\PEPE LE PEW\DESKTOP\PROZEDUALE_PROGAMMIERUNG_1_SEMESTER\N_DAMEN\N_DAME MAPPE\DEBUG\N_DAME.EXE
C:\USERS\PEPE LE PEW\DESKTOP\PROZEDUALE_PROGAMMIERUNG_1_SEMESTER\N_DAMEN\N_DAME MAPPE\DEBUG\N_DAME.ILK
C:\USERS\PEPE LE PEW\DESKTOP\PROZEDUALE_PROGAMMIERUNG_1_SEMESTER\N_DAMEN\N_DAME MAPPE\DEBUG\N_DAME.PDB
C:\USERS\PEPE LE PEW\DESKTOP\PROZEDUALE_PROGAMMIERUNG_1_SEMESTER\N_DAMEN\N_DAME MAPPE\N_DAME\DEBUG\MENU.OBJ
C:\USERS\PEPE LE PEW\DESKTOP\PROZEDUALE_PROGAMMIERUNG_1_SEMESTER\N_DAMEN\N_DAME MAPPE\N_DAME\DEBUG\N_DAME.EXE.EMBED.MANIFEST
C:\USERS\PEPE LE PEW\DESKTOP\PROZEDUALE_PROGAMMIERUNG_1_SEMESTER\N_DAMEN\N_DAME MAPPE\N_DAME\DEBUG\N_DAME.EXE.EMBED.MANIFEST.RES
C:\USERS\PEPE LE PEW\DESKTOP\PROZEDUALE_PROGAMMIERUNG_1_SEMESTER\N_DAMEN\N_DAME MAPPE\N_DAME\DEBUG\N_DAME.EXE.INTERMEDIATE.MANIFEST
C:\USERS\PEPE LE PEW\DESKTOP\PROZEDUALE_PROGAMMIERUNG_1_SEMESTER\N_DAMEN\N_DAME MAPPE\N_DAME\DEBUG\PRINT_MENU.OBJ
C:\USERS\PEPE LE PEW\DESKTOP\PROZEDUALE_PROGAMMIERUNG_1_SEMESTER\N_DAMEN\N_DAME MAPPE\N_DAME\DEBUG\PRINT_STATUS.OBJ
C:\USERS\PEPE LE PEW\DESKTOP\PROZEDUALE_PROGAMMIERUNG_1_SEMESTER\N_DAMEN\N_DAME MAPPE\N_DAME\DEBUG\UTILITIES.OBJ
C:\USERS\PEPE LE PEW\DESKTOP\PROZEDUALE_PROGAMMIERUNG_1_SEMESTER\N_DAMEN\N_DAME MAPPE\N_DAME\DEBUG\VC100.PDB
